 kubectl describe pod sas-cas-server-default-controller -n sasoperator
Name:             sas-cas-server-default-controller
Namespace:        sasoperator
Priority:         0
Service Account:  sas-cas-server
Node:             aks-cas-38089818-vmss000000/192.168.0.6
Start Time:       Fri, 28 Jul 2023 12:12:34 +0100
Labels:           app.kubernetes.io/instance=default
                  app.kubernetes.io/managed-by=sas-cas-operator
                  app.kubernetes.io/name=sas-cas-server
                  casoperator.sas.com/cas-cfg-mode=smp
                  casoperator.sas.com/cas-env-consul-name=cas-shared-default
                  casoperator.sas.com/controller-active=1
                  casoperator.sas.com/controller-index=0
                  casoperator.sas.com/node-type=controller
                  casoperator.sas.com/server=default
                  casoperator.sas.com/service-name=primary
                  sas.com/tenant=shared
Annotations:      prometheus.io/path: /internal/metrics
                  prometheus.io/port: 8777
                  prometheus.io/scheme: https
                  prometheus.io/scrape: true
                  sas.com/certificate-file-format: pem
                  sas.com/component-name: sas-cas-server
                  sas.com/tls-enabled-ports: all
                  sas.com/tls-mode: full-stack
                  seccomp.security.alpha.kubernetes.io/pod: runtime/default
                  sidecar.istio.io/inject: false
Status:           Running
SeccompProfile:   RuntimeDefault
IP:               10.244.6.8
IPs:
  IP:           10.244.6.8
Controlled By:  CASDeployment/default
Init Containers:
  sas-certframe:
    Container ID:   containerd://4d8193ac19fea9c572eaf1ab71b486d5170de31fe12f54d8e73682e658fc4754
    Image:          cr.sas.com/viya-4-x64_oci_linux_2-docker/sas-certframe:3.31.6-20221103.1667490189970
    Image ID:       cr.sas.com/viya-4-x64_oci_linux_2-docker/sas-certframe@sha256:48a0f1fd74e2699488274707dbec83aa77082ac1461ddbe200ebac211263cb85
    Port:           <none>
    Host Port:      <none>
    State:          Terminated
      Reason:       Completed
      Exit Code:    0
      Started:      Fri, 28 Jul 2023 12:12:42 +0100
      Finished:     Fri, 28 Jul 2023 12:12:44 +0100
    Ready:          True
    Restart Count:  0
    Limits:
      cpu:     500m
      memory:  500Mi
    Requests:
      cpu:     500m
      memory:  500Mi
    Environment Variables from:
      sas-certframe-ingress-certificate-config-cmm2t44t88  ConfigMap  Optional: false
      sas-certframe-user-config-8f8hm55b74                 ConfigMap  Optional: false
      sas-certframe-config-2ch97fd95b                      ConfigMap  Optional: false
    Environment:
      KUBE_POD_NAME:                            sas-cas-server-default-controller (v1:metadata.name)
      SAS_CERTFRAME_TOKEN_DIR:                  /certframe-token
      SAS_ADDITIONAL_CA_CERTIFICATES_DIR:       /customer-provided-ca-certificates
      SAS_CERTIFICATE_PRIVATE_KEY_PERMISSIONS:  644
      SAS_CERTIFICATE_SAN_DNS:                  controller.sas-cas-server-default.sasoperator controller.sas-cas-server-default
    Mounts:
      /certframe-token from certframe-token (rw)
      /customer-provided-ca-certificates from customer-provided-ca-certificates (rw)
      /security from security (rw)
      /var/run/secrets/kubernetes.io/serviceaccount from kube-api-access-mvtfx (ro)
  sas-config-init:
    Container ID:   containerd://31e5176ad53e4022d4faf567e98632a25431911d44caed32ef963ddc895664f4
    Image:          cr.sas.com/viya-4-x64_oci_linux_2-docker/sas-config-init:1.13.10-20230203.1675465520832
    Image ID:       cr.sas.com/viya-4-x64_oci_linux_2-docker/sas-config-init@sha256:5e77049ee3d93f05482220d256f20249d8442a5fa7a39f7d8bcf52a10e18fda3
    Port:           <none>
    Host Port:      <none>
    State:          Terminated
      Reason:       Completed
      Exit Code:    0
      Started:      Fri, 28 Jul 2023 12:12:45 +0100
      Finished:     Fri, 28 Jul 2023 12:12:50 +0100
    Ready:          True
    Restart Count:  0
    Limits:
      cpu:     500m
      memory:  500Mi
    Requests:
      cpu:     500m
      memory:  500Mi
    Environment Variables from:
      sas-go-config-tbg2228dk9      ConfigMap  Optional: false
      sas-shared-config-kfgff52c7c  ConfigMap  Optional: false
      sas-access-config-78dhkc2995  ConfigMap  Optional: false
      sas-consul-client             Secret     Optional: false
    Environment:
      SSL_CERT_FILE:          /security/trustedcerts.pem
      SAS_INIT_CONFIG_PATH:   /cas/config/
      SAS_INIT_CONFIG_KEY1:   config/cas-shared-default/sas.cas.instance.config/config/contents
      SAS_INIT_CONFIG_FILE1:  casconfig_usermods.lua
      SAS_INIT_CONFIG_KEY2:   config/cas-shared-default/sas.cas.instance.config/startup/contents
      SAS_INIT_CONFIG_FILE2:  casstartup_usermods.lua
      SAS_INIT_CONFIG_KEY3:   config/cas-shared-default/sas.cas.instance.config/settings/contents
      SAS_INIT_CONFIG_FILE3:  cas_usermods.settings
      SAS_INIT_CONFIG_KEY4:   config/cas-shared-default/sas.cas.instance.config/logconfig/contents
      SAS_INIT_CONFIG_FILE4:  logconfig.xml
      SAS_INIT_CONFIG_KEY5:   config/cas-shared-default/sas.cas.instance.config/sessionlogconfig/contents
      SAS_INIT_CONFIG_FILE5:  logconfig.session.xml
    Mounts:
      /cas/config/ from cas-default-config-volume (rw)
      /opt/sas/viya/home/commonfiles from commonfilesvols (rw)
      /security from security (rw)
      /var/run/secrets/kubernetes.io/serviceaccount from kube-api-access-mvtfx (ro)
Containers:
  sas-cas-server:
    Container ID:   containerd://ba6dc9a17cf575fa8b0d117e02e7fc07d8b4d0f3a1e2146b43d545cf05f14216
    Image:          cr.sas.com/viya-4-x64_oci_linux_2-docker/sas-cas-server:1.35.44-20230126.1674762877787
    Image ID:       cr.sas.com/viya-4-x64_oci_linux_2-docker/sas-cas-server@sha256:76fcc64b45da1bd048297b9160ea5d2717d13186af70b7056e2eb5594437bb71
    Ports:          5570/TCP, 5572/TCP, 8777/TCP, 5571/TCP
    Host Ports:     0/TCP, 0/TCP, 0/TCP, 0/TCP
    State:          Running
      Started:      Fri, 28 Jul 2023 12:12:51 +0100
    Ready:          True
    Restart Count:  0
    Limits:
      cpu:     14490m
      memory:  109779690700
    Requests:
      cpu:      14490m
      memory:   109779690700
    Readiness:  http-get https://:8777/internal/state delay=5s timeout=1s period=10s #success=1 #failure=3
    Environment Variables from:
      sas-shared-config-kfgff52c7c           ConfigMap  Optional: false
      sas-java-config-8dm4h28f9g             ConfigMap  Optional: false
      sas-access-config-78dhkc2995           ConfigMap  Optional: false
      sas-cas-config-f24k2hg6d5              ConfigMap  Optional: false
      sas-deployment-metadata-d87fmg4cbb     ConfigMap  Optional: false
      sas-consul-client                      Secret     Optional: false
      sas-restore-job-parameters-6dh8htc9fg  ConfigMap  Optional: false
      sas-tls-config-f8ccd48c6m              ConfigMap  Optional: false
    Environment:
      SAS_LICENSE:                  <set to the key 'SAS_LICENSE' in secret 'sas-cas-license'>  Optional: false
      CONSUL_HTTP_ADDR:             https://localhost:8500
      CASCFG_DQLOCALE:              ENUSA
      CASCFG_DQSETUPLOC:            QKB CI 33
      CASENV_CAS_VIRTUAL_PATH:      /cas-shared-default-http
      CASCFG_HOSTKNOWNBY:           controller.sas-cas-server-default.sasoperator
      SAS_CURRENT_HOST:             controller.sas-cas-server-default.sasoperator
      CASENV_CAS_VIRTUAL_HOST:      controller.sas-cas-server-default.sasoperator
      CASCONTROLLERHOST:            controller.sas-cas-server-default.sasoperator
      CAS_POD_NAME:                 sas-cas-server-default-controller
      CASKEY:                       c802470c9da68602b943575a5b20d709fcb7089f4079085e29e4e4d8595b2b61
      CASENV_CAS_K8S_SERVICE_NAME:  sas-cas-server-default-client
      CASCFG_MODE:                  smp
      SERVICE_NAME:                 cascontroller
    Mounts:
      /cas/cache from cas-default-cache-volume (rw)
      /cas/config from cas-default-config-volume (rw)
      /cas/data from cas-default-data-volume (rw)
      /cas/license from cas-license-volume (rw)
      /cas/permstore from cas-default-permstore-volume (rw)
      /etc/podinfo from podinfo (rw)
      /opt/sas/viya/config/etc/SASSecurityCertificateFramework/cacerts from security (rw,path="cacerts")
      /opt/sas/viya/config/etc/SASSecurityCertificateFramework/private from security (rw,path="private")
      /opt/sas/viya/home/commonfiles from commonfilesvols (ro)
      /opt/sas/viya/home/share/refdata/qkb from sas-quality-knowledge-base-volume (rw)
      /rdutil from sas-rdutil-dir (rw)
      /sasviyabackup from backup (rw)
      /security from security (rw)
      /tmp from cas-tmp-volume (rw,path="tmp")
      /var/casdata from cas-workers (ro)
      /var/run/secrets/kubernetes.io/serviceaccount from kube-api-access-mvtfx (ro)
  sas-backup-agent:
    Container ID:  containerd://b56e4a2fe872c0ac1fc4e64e328015e19ace870e9c6d3b0ca6ac800d3e74c1ea
    Image:         cr.sas.com/viya-4-x64_oci_linux_2-docker/sas-backup-agent:2.53.6-20221110.1668066030016
    Image ID:      cr.sas.com/viya-4-x64_oci_linux_2-docker/sas-backup-agent@sha256:d9993f79ec6df0cc0000fb9e59217dbd3bd406c0085ccf0b4fba2c46adf04e79
    Port:          <none>
    Host Port:     <none>
    Command:
      /bin/bash
    Args:
      -c
      while true; do /opt/sas/viya/home/bin/backup_agent_job_start.sh; echo 'restarting backup script'; sleep 10; done & wait;
    State:          Running
      Started:      Fri, 28 Jul 2023 12:12:51 +0100
    Ready:          True
    Restart Count:  0
    Limits:
      cpu:     100m
      memory:  2Gi
    Requests:
      cpu:     100m
      memory:  2Gi
    Environment Variables from:
      sas-go-config-tbg2228dk9                ConfigMap  Optional: false
      sas-shared-config-kfgff52c7c            ConfigMap  Optional: false
      sas-java-config-8dm4h28f9g              ConfigMap  Optional: false
      sas-backup-agent-parameters-hkfmm67f7d  ConfigMap  Optional: false
      sas-consul-client                       Secret     Optional: false
      sas-tls-config-f8ccd48c6m               ConfigMap  Optional: false
    Environment:
      BACKUP_MOUNT_LOCATION:    /sasviyabackup
      BACKUP_SOURCE_MOUNTS:     cas-default-data-volume
      cas-default-data-volume:  /cas/data
      NAME:                      (v1:metadata.labels['casoperator.sas.com/cas-env-consul-name'])
      CAS_NODE_TYPE:             (v1:metadata.labels['casoperator.sas.com/node-type'])
      CAS_CONTROLLER_ACTIVE:     (v1:metadata.labels['casoperator.sas.com/controller-active'])
      CAS_CFG_MODE:              (v1:metadata.labels['casoperator.sas.com/cas-cfg-mode'])
      CAS_SERVICE_NAME:          (v1:metadata.labels['casoperator.sas.com/service-name'])
    Mounts:
      /cas/data from cas-default-data-volume (rw)
      /opt/sas/viya/config/etc/SASSecurityCertificateFramework/cacerts from security (rw,path="cacerts")
      /opt/sas/viya/config/etc/SASSecurityCertificateFramework/private from security (rw,path="private")
      /sasviyabackup from backup (rw)
      /security from security (rw)
      /tmp from tmp (rw)
      /var/run/secrets/kubernetes.io/serviceaccount from kube-api-access-mvtfx (ro)
  sas-consul-agent:
    Container ID:   containerd://877fd2036bffd47cfb0781fb7945cbbe49c0e0fc755365cdd4275d353a9e1328
    Image:          cr.sas.com/viya-4-x64_oci_linux_2-docker/sas-consul-server:1.1220001.7-20221104.1667563895075
    Image ID:       cr.sas.com/viya-4-x64_oci_linux_2-docker/sas-consul-server@sha256:a48f2d7ad414a98b583098413c82fc15b6a16df26bb7d818cea73e93646f5431
    Ports:          8300/TCP, 8301/TCP, 8301/UDP, 8500/TCP
    Host Ports:     0/TCP, 0/TCP, 0/UDP, 0/TCP
    State:          Running
      Started:      Fri, 28 Jul 2023 12:12:52 +0100
    Ready:          True
    Restart Count:  0
    Limits:
      cpu:     150m
      memory:  150Mi
    Requests:
      cpu:      150m
      memory:   150Mi
    Readiness:  exec [sh /opt/sas/viya/home/bin/consul-readiness-probe.sh] delay=5s timeout=60s period=20s #success=1 #failure=3
    Environment Variables from:
      sas-shared-config-kfgff52c7c  ConfigMap  Optional: false
      sas-go-config-tbg2228dk9      ConfigMap  Optional: false
      sas-consul-client             Secret     Optional: false
      sas-tls-config-f8ccd48c6m     ConfigMap  Optional: false
    Environment:
      CONSUL_SERVER_LIST:        sas-consul-server
      CONSUL_SERVER_FLAG:        false
      CONSUL_CLIENT_ADDRESS:     127.0.0.1
      CONSUL_DATACENTER_NAME:    viya
      CONSUL_TOKENS_ENCRYPTION:  <set to the key 'CONSUL_TOKENS_ENCRYPTION' in secret 'sas-consul-management'>  Optional: false
    Mounts:
      /consul/data/ from consul-tmp-volume (rw,path="data")
      /opt/sas/viya/config/etc/SASSecurityCertificateFramework/cacerts from security (rw,path="cacerts")
      /opt/sas/viya/config/etc/SASSecurityCertificateFramework/private from security (rw,path="private")
      /opt/sas/viya/config/etc/SASSecurityCertificateFramework/tokens/consul/default from consul-tmp-volume (rw,path="consul-tokens")
      /opt/sas/viya/config/etc/consul.d from consul-tmp-volume (rw,path="consul.d")
      /opt/sas/viya/config/tmp/sas-consul from consul-tmp-volume (rw,path="sas-consul")
      /security from security (rw)
      /tmp from consul-tmp-volume (rw,path="tmp")
      /var/run/secrets/kubernetes.io/serviceaccount from kube-api-access-mvtfx (ro)
Conditions:
  Type              Status
  Initialized       True
  Ready             True
  ContainersReady   True
  PodScheduled      True
Volumes:
  podinfo:
    Type:  DownwardAPI (a volume populated by information about the pod)
    Items:
      metadata.labels -> labels
  cas-default-permstore-volume:
    Type:       PersistentVolumeClaim (a reference to a PersistentVolumeClaim in the same namespace)
    ClaimName:  cas-default-permstore
    ReadOnly:   false
  cas-default-data-volume:
    Type:       PersistentVolumeClaim (a reference to a PersistentVolumeClaim in the same namespace)
    ClaimName:  cas-default-data
    ReadOnly:   false
  cas-default-cache-volume:
    Type:       EmptyDir (a temporary directory that shares a pod's lifetime)
    Medium:
    SizeLimit:  <unset>
  cas-default-config-volume:
    Type:       EmptyDir (a temporary directory that shares a pod's lifetime)
    Medium:
    SizeLimit:  <unset>
  cas-tmp-volume:
    Type:       EmptyDir (a temporary directory that shares a pod's lifetime)
    Medium:
    SizeLimit:  <unset>
  cas-license-volume:
    Type:        Secret (a volume populated by a Secret)
    SecretName:  sas-cas-license
    Optional:    false
  commonfilesvols:
    Type:       PersistentVolumeClaim (a reference to a PersistentVolumeClaim in the same namespace)
    ClaimName:  sas-commonfiles
    ReadOnly:   true
  backup:
    Type:       PersistentVolumeClaim (a reference to a PersistentVolumeClaim in the same namespace)
    ClaimName:  sas-cas-backup-data
    ReadOnly:   false
  tmp:
    Type:       EmptyDir (a temporary directory that shares a pod's lifetime)
    Medium:
    SizeLimit:  <unset>
  consul-tmp-volume:
    Type:       EmptyDir (a temporary directory that shares a pod's lifetime)
    Medium:
    SizeLimit:  <unset>
  certframe-token:
    Type:        Secret (a volume populated by a Secret)
    SecretName:  sas-certframe-token
    Optional:    false
  security:
    Type:       EmptyDir (a temporary directory that shares a pod's lifetime)
    Medium:
    SizeLimit:  <unset>
  customer-provided-ca-certificates:
    Type:      ConfigMap (a volume populated by a ConfigMap)
    Name:      sas-customer-provided-ca-certificates-29kdmk686c
    Optional:  false
  sas-quality-knowledge-base-volume:
    Type:       PersistentVolumeClaim (a reference to a PersistentVolumeClaim in the same namespace)
    ClaimName:  sas-quality-knowledge-base
    ReadOnly:   false
  sas-rdutil-dir:
    Type:      ConfigMap (a volume populated by a ConfigMap)
    Name:      sas-qkb-management-scripts
    Optional:  false
  cas-workers:
    Type:        Secret (a volume populated by a Secret)
    SecretName:  sas-cas-server-default
    Optional:    false
  kube-api-access-mvtfx:
    Type:                    Projected (a volume that contains injected data from multiple sources)
    TokenExpirationSeconds:  3607
    ConfigMapName:           kube-root-ca.crt
    ConfigMapOptional:       <nil>
    DownwardAPI:             true
QoS Class:                   Guaranteed
Node-Selectors:              <none>
Tolerations:                 node.kubernetes.io/memory-pressure:NoSchedule op=Exists
                             node.kubernetes.io/not-ready:NoExecute op=Exists for 300s
                             node.kubernetes.io/unreachable:NoExecute op=Exists for 300s
                             workload.sas.com/class=cas:NoSchedule
Events:
  Type     Reason                  Age                From               Message
  ----     ------                  ----               ----               -------
  Normal   Scheduled               12m                default-scheduler  Successfully assigned sasoperator/sas-cas-server-default-controller to aks-cas-38089818-vmss000000
  Warning  FileSystemResizeFailed  12m                kubelet            MountVolume.NodeExpandVolume failed for volume "pvc-a8d77d14-cce7-4ae2-9d9e-45ce23e061e1" requested read-only file system
  Normal   Pulled                  12m                kubelet            Container image "cr.sas.com/viya-4-x64_oci_linux_2-docker/sas-certframe:3.31.6-20221103.1667490189970" already present on machine
  Normal   Created                 12m                kubelet            Created container sas-certframe
  Normal   Started                 12m                kubelet            Started container sas-certframe
  Normal   Pulled                  12m                kubelet            Container image "cr.sas.com/viya-4-x64_oci_linux_2-docker/sas-config-init:1.13.10-20230203.1675465520832" already present on machine
  Normal   Created                 12m                kubelet            Created container sas-config-init
  Normal   Started                 12m                kubelet            Started container sas-config-init
  Normal   Pulled                  12m                kubelet            Container image "cr.sas.com/viya-4-x64_oci_linux_2-docker/sas-cas-server:1.35.44-20230126.1674762877787" already present on machine
  Normal   Created                 12m                kubelet            Created container sas-cas-server
  Normal   Started                 12m                kubelet            Started container sas-cas-server
  Normal   Pulled                  12m                kubelet            Container image "cr.sas.com/viya-4-x64_oci_linux_2-docker/sas-backup-agent:2.53.6-20221110.1668066030016" already present on machine
  Normal   Created                 12m                kubelet            Created container sas-backup-agent
  Normal   Started                 12m                kubelet            Started container sas-backup-agent
  Normal   Pulled                  12m                kubelet            Container image "cr.sas.com/viya-4-x64_oci_linux_2-docker/sas-consul-server:1.1220001.7-20221104.1667563895075" already present on machine
  Normal   Created                 12m                kubelet            Created container sas-consul-agent
  Normal   Started                 12m                kubelet            Started container sas-consul-agent
  Warning  Unhealthy               12m                kubelet            Readiness probe failed:
  Warning  Unhealthy               11m (x8 over 12m)  kubelet            Readiness probe failed: Get "https://10.244.6.8:8777/internal/state": dial tcp 10.244.6.8:8777: connect: connection refused